{"C:\\Users\\Lenovo\\Desktop\\sortingHat\\index.js": {"path":"C:\\Users\\Lenovo\\Desktop\\sortingHat\\index.js","statementMap":{"0":{"start":{"line":1,"column":17},"end":{"line":1,"column":36}},"1":{"start":{"line":3,"column":11},"end":{"line":6,"column":2}},"2":{"start":{"line":8,"column":9},"end":{"line":8,"column":11}},"3":{"start":{"line":8,"column":18},"end":{"line":8,"column":20}},"4":{"start":{"line":8,"column":28},"end":{"line":8,"column":30}},"5":{"start":{"line":8,"column":38},"end":{"line":8,"column":40}},"6":{"start":{"line":8,"column":47},"end":{"line":8,"column":49}},"7":{"start":{"line":10,"column":12},"end":{"line":10,"column":21}},"8":{"start":{"line":13,"column":16},"end":{"line":13,"column":31}},"9":{"start":{"line":15,"column":2},"end":{"line":53,"column":3}},"10":{"start":{"line":16,"column":4},"end":{"line":16,"column":15}},"11":{"start":{"line":17,"column":4},"end":{"line":17,"column":11}},"12":{"start":{"line":19,"column":7},"end":{"line":53,"column":3}},"13":{"start":{"line":20,"column":4},"end":{"line":20,"column":50}},"14":{"start":{"line":21,"column":9},"end":{"line":53,"column":3}},"15":{"start":{"line":22,"column":14},"end":{"line":26,"column":5}},"16":{"start":{"line":28,"column":4},"end":{"line":52,"column":5}},"17":{"start":{"line":29,"column":6},"end":{"line":51,"column":7}},"18":{"start":{"line":30,"column":8},"end":{"line":38,"column":9}},"19":{"start":{"line":31,"column":10},"end":{"line":31,"column":34}},"20":{"start":{"line":32,"column":10},"end":{"line":32,"column":36}},"21":{"start":{"line":33,"column":15},"end":{"line":38,"column":9}},"22":{"start":{"line":34,"column":10},"end":{"line":34,"column":35}},"23":{"start":{"line":35,"column":10},"end":{"line":35,"column":36}},"24":{"start":{"line":37,"column":10},"end":{"line":37,"column":34}},"25":{"start":{"line":39,"column":13},"end":{"line":51,"column":7}},"26":{"start":{"line":40,"column":8},"end":{"line":48,"column":9}},"27":{"start":{"line":41,"column":10},"end":{"line":41,"column":34}},"28":{"start":{"line":42,"column":10},"end":{"line":42,"column":36}},"29":{"start":{"line":43,"column":15},"end":{"line":48,"column":9}},"30":{"start":{"line":44,"column":10},"end":{"line":44,"column":35}},"31":{"start":{"line":45,"column":10},"end":{"line":45,"column":36}},"32":{"start":{"line":47,"column":10},"end":{"line":47,"column":34}},"33":{"start":{"line":50,"column":8},"end":{"line":50,"column":32}},"34":{"start":{"line":57,"column":2},"end":{"line":64,"column":5}},"35":{"start":{"line":58,"column":4},"end":{"line":61,"column":5}},"36":{"start":{"line":59,"column":6},"end":{"line":59,"column":17}},"37":{"start":{"line":60,"column":6},"end":{"line":60,"column":13}},"38":{"start":{"line":62,"column":4},"end":{"line":62,"column":23}},"39":{"start":{"line":63,"column":4},"end":{"line":63,"column":15}},"40":{"start":{"line":67,"column":0},"end":{"line":74,"column":3}},"41":{"start":{"line":68,"column":2},"end":{"line":68,"column":30}},"42":{"start":{"line":69,"column":2},"end":{"line":69,"column":24}},"43":{"start":{"line":70,"column":2},"end":{"line":70,"column":26}},"44":{"start":{"line":71,"column":2},"end":{"line":71,"column":24}},"45":{"start":{"line":72,"column":2},"end":{"line":72,"column":26}},"46":{"start":{"line":73,"column":2},"end":{"line":73,"column":24}},"47":{"start":{"line":76,"column":0},"end":{"line":76,"column":11}},"48":{"start":{"line":79,"column":0},"end":{"line":79,"column":63}}},"fnMap":{"0":{"name":"processInput","decl":{"start":{"line":12,"column":9},"end":{"line":12,"column":21}},"loc":{"start":{"line":12,"column":28},"end":{"line":54,"column":1}},"line":12},"1":{"name":"getInput","decl":{"start":{"line":56,"column":9},"end":{"line":56,"column":17}},"loc":{"start":{"line":56,"column":20},"end":{"line":65,"column":1}},"line":56},"2":{"name":"(anonymous_2)","decl":{"start":{"line":57,"column":56},"end":{"line":57,"column":57}},"loc":{"start":{"line":57,"column":66},"end":{"line":64,"column":3}},"line":57},"3":{"name":"(anonymous_3)","decl":{"start":{"line":67,"column":15},"end":{"line":67,"column":16}},"loc":{"start":{"line":67,"column":21},"end":{"line":74,"column":1}},"line":67}},"branchMap":{"0":{"loc":{"start":{"line":15,"column":2},"end":{"line":53,"column":3}},"type":"if","locations":[{"start":{"line":15,"column":2},"end":{"line":53,"column":3}},{"start":{"line":19,"column":7},"end":{"line":53,"column":3}}],"line":15},"1":{"loc":{"start":{"line":19,"column":7},"end":{"line":53,"column":3}},"type":"if","locations":[{"start":{"line":19,"column":7},"end":{"line":53,"column":3}},{"start":{"line":21,"column":9},"end":{"line":53,"column":3}}],"line":19},"2":{"loc":{"start":{"line":21,"column":9},"end":{"line":53,"column":3}},"type":"if","locations":[{"start":{"line":21,"column":9},"end":{"line":53,"column":3}},{"start":{},"end":{}}],"line":21},"3":{"loc":{"start":{"line":28,"column":4},"end":{"line":52,"column":5}},"type":"if","locations":[{"start":{"line":28,"column":4},"end":{"line":52,"column":5}},{"start":{},"end":{}}],"line":28},"4":{"loc":{"start":{"line":29,"column":6},"end":{"line":51,"column":7}},"type":"if","locations":[{"start":{"line":29,"column":6},"end":{"line":51,"column":7}},{"start":{"line":39,"column":13},"end":{"line":51,"column":7}}],"line":29},"5":{"loc":{"start":{"line":30,"column":8},"end":{"line":38,"column":9}},"type":"if","locations":[{"start":{"line":30,"column":8},"end":{"line":38,"column":9}},{"start":{"line":33,"column":15},"end":{"line":38,"column":9}}],"line":30},"6":{"loc":{"start":{"line":30,"column":12},"end":{"line":30,"column":62}},"type":"binary-expr","locations":[{"start":{"line":30,"column":12},"end":{"line":30,"column":38}},{"start":{"line":30,"column":42},"end":{"line":30,"column":62}}],"line":30},"7":{"loc":{"start":{"line":33,"column":15},"end":{"line":38,"column":9}},"type":"if","locations":[{"start":{"line":33,"column":15},"end":{"line":38,"column":9}},{"start":{"line":36,"column":15},"end":{"line":38,"column":9}}],"line":33},"8":{"loc":{"start":{"line":33,"column":19},"end":{"line":33,"column":71}},"type":"binary-expr","locations":[{"start":{"line":33,"column":19},"end":{"line":33,"column":46}},{"start":{"line":33,"column":50},"end":{"line":33,"column":71}}],"line":33},"9":{"loc":{"start":{"line":39,"column":13},"end":{"line":51,"column":7}},"type":"if","locations":[{"start":{"line":39,"column":13},"end":{"line":51,"column":7}},{"start":{"line":49,"column":13},"end":{"line":51,"column":7}}],"line":39},"10":{"loc":{"start":{"line":40,"column":8},"end":{"line":48,"column":9}},"type":"if","locations":[{"start":{"line":40,"column":8},"end":{"line":48,"column":9}},{"start":{"line":43,"column":15},"end":{"line":48,"column":9}}],"line":40},"11":{"loc":{"start":{"line":40,"column":12},"end":{"line":40,"column":62}},"type":"binary-expr","locations":[{"start":{"line":40,"column":12},"end":{"line":40,"column":38}},{"start":{"line":40,"column":42},"end":{"line":40,"column":62}}],"line":40},"12":{"loc":{"start":{"line":43,"column":15},"end":{"line":48,"column":9}},"type":"if","locations":[{"start":{"line":43,"column":15},"end":{"line":48,"column":9}},{"start":{"line":46,"column":15},"end":{"line":48,"column":9}}],"line":43},"13":{"loc":{"start":{"line":43,"column":19},"end":{"line":43,"column":71}},"type":"binary-expr","locations":[{"start":{"line":43,"column":19},"end":{"line":43,"column":46}},{"start":{"line":43,"column":50},"end":{"line":43,"column":71}}],"line":43},"14":{"loc":{"start":{"line":58,"column":4},"end":{"line":61,"column":5}},"type":"if","locations":[{"start":{"line":58,"column":4},"end":{"line":61,"column":5}},{"start":{},"end":{}}],"line":58}},"s":{"0":1,"1":1,"2":1,"3":1,"4":1,"5":1,"6":1,"7":1,"8":27,"9":27,"10":1,"11":1,"12":26,"13":3,"14":23,"15":23,"16":23,"17":21,"18":11,"19":3,"20":3,"21":8,"22":5,"23":5,"24":3,"25":10,"26":9,"27":4,"28":4,"29":5,"30":5,"31":5,"32":0,"33":1,"34":1,"35":0,"36":0,"37":0,"38":0,"39":0,"40":1,"41":1,"42":1,"43":1,"44":1,"45":1,"46":1,"47":1,"48":1},"f":{"0":27,"1":1,"2":0,"3":1},"b":{"0":[1,26],"1":[3,23],"2":[23,0],"3":[21,2],"4":[11,10],"5":[3,8],"6":[11,3],"7":[5,3],"8":[8,8],"9":[9,1],"10":[4,5],"11":[9,4],"12":[5,0],"13":[5,5],"14":[0,0]},"_coverageSchema":"1a1c01bbd47fc00a2c39e90264f33305004495a9","hash":"b39a9f131970c404e95973fb1bab32eccec44569"}
}
