TN:
SF:index.js
FN:12,processInput
FN:56,getInput
FN:57,(anonymous_2)
FN:67,(anonymous_3)
FNF:4
FNH:3
FNDA:27,processInput
FNDA:1,getInput
FNDA:0,(anonymous_2)
FNDA:1,(anonymous_3)
DA:1,1
DA:3,1
DA:8,1
DA:10,1
DA:13,27
DA:15,27
DA:16,1
DA:17,1
DA:19,26
DA:20,3
DA:21,23
DA:22,23
DA:28,23
DA:29,21
DA:30,11
DA:31,3
DA:32,3
DA:33,8
DA:34,5
DA:35,5
DA:37,3
DA:39,10
DA:40,9
DA:41,4
DA:42,4
DA:43,5
DA:44,5
DA:45,5
DA:47,0
DA:50,1
DA:57,1
DA:58,0
DA:59,0
DA:60,0
DA:62,0
DA:63,0
DA:67,1
DA:68,1
DA:69,1
DA:70,1
DA:71,1
DA:72,1
DA:73,1
DA:76,1
DA:79,1
LF:45
LH:39
BRDA:15,0,0,1
BRDA:15,0,1,26
BRDA:19,1,0,3
BRDA:19,1,1,23
BRDA:21,2,0,23
BRDA:21,2,1,0
BRDA:28,3,0,21
BRDA:28,3,1,2
BRDA:29,4,0,11
BRDA:29,4,1,10
BRDA:30,5,0,3
BRDA:30,5,1,8
BRDA:30,6,0,11
BRDA:30,6,1,3
BRDA:33,7,0,5
BRDA:33,7,1,3
BRDA:33,8,0,8
BRDA:33,8,1,8
BRDA:39,9,0,9
BRDA:39,9,1,1
BRDA:40,10,0,4
BRDA:40,10,1,5
BRDA:40,11,0,9
BRDA:40,11,1,4
BRDA:43,12,0,5
BRDA:43,12,1,0
BRDA:43,13,0,5
BRDA:43,13,1,5
BRDA:58,14,0,0
BRDA:58,14,1,0
BRF:30
BRH:26
end_of_record
